<?xml version="1.0" encoding="UTF-8"?>
<!-- Generated by org.testng.reporters.JUnitReportReporter -->
<testsuite skipped="0" hostname="DESKTOP-9I1M7L8" name="GetAPI.GetData" tests="2" failures="0" timestamp="2019-10-02T10:57:53 EDT" time="2.526" errors="0">
  <testcase name="restResponcecode" time="0.142" classname="GetAPI.GetData"/>
  <testcase name="restResponce" time="2.384" classname="GetAPI.GetData"/>
</testsuite> <!-- GetAPI.GetData -->
